
Eval on ./checkpoint/clean-final-cifar100.pth
Eval (Adver) , Loss avg. 25.344925, Acc. 0.001200
Eval_2 (Adver) , 1st-True 0.986855, True. 0.000869
Eval (Clean) , Loss avg. 1.073014, Acc. 0.748000
Eval_2 (Clean) , 1st-True 0.134339, True. 0.701157
Locally Lipz : 1344.740669



Eval on ./checkpoint/adv-final-cifar100.pth
Eval (Adver) , Loss avg. 7.010123, Acc. 0.204900
Eval_2 (Adver) , 1st-True 0.645383, True. 0.201834
Eval (Clean) , Loss avg. 2.616689, Acc. 0.517900
Eval_2 (Clean) , 1st-True 0.265225, True. 0.483074
Locally Lipz : 281.172232



Eval on ./checkpoint/shades-clean-final-cifar100.pth
Eval (Adver) , Loss avg. 4.644120, Acc. 0.015400
Eval_2 (Adver) , 1st-True 0.012953, True. 0.009632
Eval (Clean) , Loss avg. 4.018890, Acc. 0.759900
Eval_2 (Clean) , 1st-True 0.000955, True. 0.019009
Locally Lipz : 15.643042



Eval on ./checkpoint/shades-adv-final-cifar100.pth
Eval (Adver) , Loss avg. 4.426723, Acc. 0.265500
Eval_2 (Adver) , 1st-True 0.002789, True. 0.012721
Eval (Clean) , Loss avg. 4.190349, Acc. 0.505100
Eval_2 (Clean) , 1st-True 0.000980, True. 0.017589
Locally Lipz : 1.452685

